<?xml version="1.0" encoding="UTF-8"?>
<!-- Generated by org.testng.reporters.JUnitReportReporter -->
<testsuite hostname="DESKTOP-MRQ729C" failures="0" tests="1" name="AmazonShoping.OnlineShoping.SubmitOrder" time="31.789" errors="0" timestamp="2024-02-12T12:08:08 IST" skipped="0">
  <testcase classname="AmazonShoping.OnlineShoping.SubmitOrder" name="submitOrder" time="31.789"/>
  <system-out/>
</testsuite> <!-- AmazonShoping.OnlineShoping.SubmitOrder -->
